<?xml version="1.0" encoding="UTF-8"?>
<testsuite name="Tasa de interes del prestamo de liber inversion" tests="1" skipped="0" failures="0" errors="0" timestamp="2022-12-20T00:39:07" hostname="DESKTOP-4KC3RD6" time="0.247">
  <properties/>
  <testcase name="04 tasa de interes establecida" classname="Tasa de interes del prestamo de liber inversion" time="0.247"/>
  <system-out><![CDATA[
Escenario: 04 tasa de interes establecida                     ?[90m# src/test/resources/features/InteresPrestamo.feature:5?[0m
  ?[32mDado ?[0m?[32mque un usuario solicita un prestamo de libre inversion?[0m ?[90m# stepdefinitions.InteresPrestamoSteps.queUnUsuarioSolicitaUnPrestamoDeLibreInversion()?[0m
  ?[32mCuando ?[0m?[32mse diligencian sus condiciones?[0m                       ?[90m# stepdefinitions.InteresPrestamoSteps.seDiligencianSusCondiciones()?[0m
  ?[32mEntonces ?[0m?[32mla tasa de interes debe ser del ?[0m?[32m?[1m20?[0m?[32m porciento?[0m       ?[90m# stepdefinitions.InteresPrestamoSteps.laTasaDeInteresDebeSerDelPorciento(int)?[0m
]]></system-out>
  <system-err><![CDATA[]]></system-err>
</testsuite>
